<?xml version="1.0" encoding="UTF-8"?>
<!-- Generated by org.testng.reporters.JUnitReportReporter -->
<testsuite hostname="Paritosh-PC" failures="0" tests="2" name="testcases.LoginTest" time="21.215" errors="0" timestamp="29 Apr 2023 17:27:03 GMT" skipped="0">
  <testcase classname="testcases.LoginTest" name="PositiveLogin" time="5.109"/>
  <testcase classname="testcases.LoginTest" name="NegativeLogin" time="16.106"/>
</testsuite> <!-- testcases.LoginTest -->
